#
# There is insufficient memory for the Java Runtime Environment to continue.
# Native memory allocation (malloc) failed to allocate 1122368 bytes for Chunk::new
# Possible reasons:
#   The system is out of physical RAM or swap space
#   The process is running with CompressedOops enabled, and the Java Heap may be blocking the growth of the native heap
# Possible solutions:
#   Reduce memory load on the system
#   Increase physical memory or swap space
#   Check if swap backing store is full
#   Decrease Java heap size (-Xmx/-Xms)
#   Decrease number of Java threads
#   Decrease Java thread stack sizes (-Xss)
#   Set larger code cache with -XX:ReservedCodeCacheSize=
#   JVM is running with Unscaled Compressed Oops mode in which the Java heap is
#     placed in the first 4GB address space. The Java Heap base address is the
#     maximum limit for the native heap growth. Please use -XX:HeapBaseMinAddress
#     to set the Java Heap base and to place the Java Heap above 4GB virtual address.
# This output file may be truncated or incomplete.
#
#  Out of Memory Error (allocation.cpp:389), pid=16108, tid=0x0000000000003c98
#
# JRE version: OpenJDK Runtime Environment (8.0_242-b01) (build 1.8.0_242-release-1644-b01)
# Java VM: OpenJDK 64-Bit Server VM (25.242-b01 mixed mode windows-amd64 compressed oops)
# Failed to write core dump. Minidumps are not enabled by default on client versions of Windows
#

---------------  T H R E A D  ---------------

Current thread (0x000000001860c000):  JavaThread "C2 CompilerThread0" daemon [_thread_in_native, id=15512, stack(0x000000001b360000,0x000000001b460000)]

Stack: [0x000000001b360000,0x000000001b460000]
[error occurred during error reporting (printing stack bounds), id 0xc0000005]

Native frames: (J=compiled Java code, j=interpreted, Vv=VM code, C=native code)


Current CompileTask:
C2:7754722 35370       4       com.android.tools.r8.ir.optimize.l::m (763 bytes)


---------------  P R O C E S S  ---------------

Java Threads: ( => current thread )
  0x000000001e0ee000 JavaThread "ForkJoinPool.commonPool-worker-14" daemon [_thread_blocked, id=14764, stack(0x0000000037d20000,0x0000000037e20000)]
  0x0000000021087800 JavaThread "ForkJoinPool.commonPool-worker-5" daemon [_thread_blocked, id=5804, stack(0x0000000036db0000,0x0000000036eb0000)]
  0x0000000021086800 JavaThread "ForkJoinPool.commonPool-worker-12" daemon [_thread_blocked, id=11304, stack(0x00000000362a0000,0x00000000363a0000)]
  0x0000000021086000 JavaThread "WorkerExecutor Queue Thread 9" [_thread_blocked, id=14728, stack(0x0000000034f80000,0x0000000035080000)]
  0x000000001d6b8800 JavaThread "WorkerExecutor Queue Thread 8" [_thread_blocked, id=5244, stack(0x000000002c7d0000,0x000000002c8d0000)]
  0x0000000021011000 JavaThread "WorkerExecutor Queue Thread 7" [_thread_blocked, id=8380, stack(0x0000000037a20000,0x0000000037b20000)]
  0x0000000021015800 JavaThread "WorkerExecutor Queue Thread 6" [_thread_blocked, id=7176, stack(0x0000000037920000,0x0000000037a20000)]
  0x0000000021014000 JavaThread "WorkerExecutor Queue Thread 5" [_thread_in_vm, id=10372, stack(0x0000000037820000,0x0000000037920000)]
  0x000000001fb90000 JavaThread "WorkerExecutor Queue Thread 4" [_thread_blocked, id=12116, stack(0x0000000037720000,0x0000000037820000)]
  0x000000001fb8f000 JavaThread "WorkerExecutor Queue Thread 3" [_thread_blocked, id=15592, stack(0x0000000037620000,0x0000000037720000)]
  0x000000001fb96000 JavaThread "WorkerExecutor Queue Thread 2" [_thread_blocked, id=4504, stack(0x00000000373b0000,0x00000000374b0000)]
  0x000000001fb95000 JavaThread "WorkerExecutor Queue" [_thread_blocked, id=15460, stack(0x0000000037520000,0x0000000037620000)]
  0x000000001fb92000 JavaThread "Cache worker for Java compile cache (C:\Users\Alexander\AndroidStudioProjects\notforgot\.gradle\6.1.1\javaCompile)" [_thread_blocked, id=4752, stack(0x00000000370b0000,0x00000000371b0000)]
  0x000000001e0f1000 JavaThread "Cache worker for Java compile cache (C:\Users\Alexander\.gradle\caches\6.1.1\javaCompile)" [_thread_blocked, id=11420, stack(0x0000000036fb0000,0x00000000370b0000)]
  0x000000001e0ef000 JavaThread "RMI TCP Connection(56)-127.0.0.1" daemon [_thread_in_native, id=15256, stack(0x0000000036eb0000,0x0000000036fb0000)]
  0x000000001e0ed800 JavaThread "RMI TCP Connection(57)-127.0.0.1" daemon [_thread_in_native, id=8240, stack(0x00000000363a0000,0x00000000364a0000)]
  0x000000001e0f0800 JavaThread "Cache worker for execution history cache (C:\Users\Alexander\AndroidStudioProjects\notforgot\.gradle\6.1.1\executionHistory)" [_thread_blocked, id=15836, stack(0x000000002d2d0000,0x000000002d3d0000)]
  0x000000001e0e6000 JavaThread "Execution worker for ':' Thread 11" [_thread_blocked, id=14080, stack(0x000000002cbd0000,0x000000002ccd0000)]
  0x000000001e0ec000 JavaThread "Execution worker for ':' Thread 10" [_thread_blocked, id=8904, stack(0x000000002bdd0000,0x000000002bed0000)]
  0x000000001e0ec800 JavaThread "Execution worker for ':' Thread 9" [_thread_blocked, id=14392, stack(0x000000002bcd0000,0x000000002bdd0000)]
  0x000000001e0ea800 JavaThread "Execution worker for ':' Thread 8" [_thread_blocked, id=944, stack(0x000000002bbd0000,0x000000002bcd0000)]
  0x000000001e0e9000 JavaThread "Execution worker for ':' Thread 7" [_thread_blocked, id=15864, stack(0x000000002bad0000,0x000000002bbd0000)]
  0x000000001e0e8000 JavaThread "Execution worker for ':' Thread 6" [_thread_blocked, id=7340, stack(0x000000002b9d0000,0x000000002bad0000)]
  0x0000000021024800 JavaThread "Execution worker for ':' Thread 5" [_thread_blocked, id=13344, stack(0x000000002b8d0000,0x000000002b9d0000)]
  0x0000000021023800 JavaThread "Execution worker for ':' Thread 4" [_thread_blocked, id=9048, stack(0x000000002b7d0000,0x000000002b8d0000)]
  0x0000000021026000 JavaThread "Execution worker for ':' Thread 3" [_thread_blocked, id=4532, stack(0x000000002b6d0000,0x000000002b7d0000)]
  0x0000000021023000 JavaThread "Execution worker for ':' Thread 2" [_thread_blocked, id=11684, stack(0x000000002b5d0000,0x000000002b6d0000)]
  0x0000000021022000 JavaThread "Execution worker for ':'" [_thread_blocked, id=1364, stack(0x000000002b4d0000,0x000000002b5d0000)]
  0x000000002101a800 JavaThread "Cache worker for file content cache (C:\Users\Alexander\AndroidStudioProjects\notforgot\.gradle\6.1.1\fileContent)" [_thread_blocked, id=15436, stack(0x0000000028140000,0x0000000028240000)]
  0x0000000021021800 JavaThread "Cache worker for Build Output Cleanup Cache (C:\Users\Alexander\AndroidStudioProjects\notforgot\.gradle\buildOutputCleanup)" [_thread_blocked, id=13820, stack(0x0000000027f40000,0x0000000028040000)]
  0x000000002101a000 JavaThread "Build operations Thread 12" [_thread_blocked, id=9972, stack(0x00000000250e0000,0x00000000251e0000)]
  0x0000000021020800 JavaThread "Build operations Thread 11" [_thread_blocked, id=15936, stack(0x0000000024fe0000,0x00000000250e0000)]
  0x0000000021018800 JavaThread "Build operations Thread 10" [_thread_blocked, id=15208, stack(0x0000000024ee0000,0x0000000024fe0000)]
  0x0000000021019000 JavaThread "Build operations Thread 9" [_thread_blocked, id=11984, stack(0x0000000024ce0000,0x0000000024de0000)]
  0x000000002101f000 JavaThread "Build operations Thread 8" [_thread_blocked, id=3256, stack(0x0000000024be0000,0x0000000024ce0000)]
  0x0000000021017800 JavaThread "Build operations Thread 7" [_thread_blocked, id=8572, stack(0x0000000024ae0000,0x0000000024be0000)]
  0x000000002101c000 JavaThread "Build operations Thread 6" [_thread_blocked, id=15156, stack(0x00000000249e0000,0x0000000024ae0000)]
  0x000000002101b800 JavaThread "Build operations Thread 5" [_thread_blocked, id=10040, stack(0x00000000248e0000,0x00000000249e0000)]
  0x000000002101e800 JavaThread "Build operations Thread 4" [_thread_blocked, id=13764, stack(0x00000000247e0000,0x00000000248e0000)]
  0x000000002101d000 JavaThread "Build operations Thread 3" [_thread_blocked, id=13732, stack(0x00000000246e0000,0x00000000247e0000)]
  0x000000002101d800 JavaThread "Build operations Thread 2" [_thread_blocked, id=12376, stack(0x00000000245e0000,0x00000000246e0000)]
  0x000000002108d800 JavaThread "Build operations" [_thread_blocked, id=12980, stack(0x00000000244e0000,0x00000000245e0000)]
  0x000000002108c000 JavaThread "Cache worker for cache directory md-rule (C:\Users\Alexander\.gradle\caches\6.1.1\md-rule)" [_thread_blocked, id=2932, stack(0x00000000241e0000,0x00000000242e0000)]
  0x000000002108a800 JavaThread "Cache worker for cache directory md-supplier (C:\Users\Alexander\.gradle\caches\6.1.1\md-supplier)" [_thread_blocked, id=14196, stack(0x0000000022190000,0x0000000022290000)]
  0x0000000021084800 JavaThread "Cache worker for file hash cache (C:\Users\Alexander\AndroidStudioProjects\notforgot\.gradle\6.1.1\fileHashes)" [_thread_blocked, id=8144, stack(0x0000000021a30000,0x0000000021b30000)]
  0x0000000021083000 JavaThread "Cache worker for checksums cache (C:\Users\Alexander\AndroidStudioProjects\notforgot\.gradle\checksums)" [_thread_blocked, id=10168, stack(0x000000001f090000,0x000000001f190000)]
  0x0000000021081800 JavaThread "Thread-645" [_thread_blocked, id=6100, stack(0x000000001ef90000,0x000000001f090000)]
  0x0000000021083800 JavaThread "Stdin handler" [_thread_blocked, id=7732, stack(0x000000001ee90000,0x000000001ef90000)]
  0x0000000021088000 JavaThread "Asynchronous log dispatcher for DefaultDaemonConnection: socket connection from /127.0.0.1:53547 to /127.0.0.1:54293" [_thread_blocked, id=14808, stack(0x000000001eb90000,0x000000001ec90000)]
  0x0000000021080800 JavaThread "Cancel handler" [_thread_blocked, id=8172, stack(0x0000000001610000,0x0000000001710000)]
  0x0000000021085000 JavaThread "Handler for socket connection from /127.0.0.1:53547 to /127.0.0.1:54293" [_thread_in_native, id=9308, stack(0x0000000001510000,0x0000000001610000)]
  0x0000000021080000 JavaThread "RMI TCP Connection(55)-127.0.0.1" daemon [_thread_in_native, id=8928, stack(0x0000000035080000,0x0000000035180000)]
  0x000000001e0e7800 JavaThread "RMI TCP Connection(49)-127.0.0.1" daemon [_thread_in_native, id=1268, stack(0x00000000361a0000,0x00000000362a0000)]
  0x000000001e0e6800 JavaThread "RMI TCP Connection(54)-127.0.0.1" daemon [_thread_in_native, id=15736, stack(0x000000002d8d0000,0x000000002d9d0000)]
  0x000000001d6b7000 JavaThread "RMI TCP Connection(48)-127.0.0.1" daemon [_thread_in_native, id=848, stack(0x0000000034e80000,0x0000000034f80000)]
  0x0000000021013800 JavaThread "RMI TCP Connection(50)-127.0.0.1" daemon [_thread_in_native, id=15908, stack(0x000000002dfd0000,0x000000002e0d0000)]
  0x000000001e0f5000 JavaThread "RMI Reaper" [_thread_blocked, id=6132, stack(0x000000002cad0000,0x000000002cbd0000)]
  0x000000001e0f4000 JavaThread "RMI TCP Accept-0" daemon [_thread_in_native, id=15716, stack(0x000000002c9d0000,0x000000002cad0000)]
  0x000000001e0f2800 JavaThread "GC Daemon" daemon [_thread_blocked, id=15408, stack(0x000000002c8d0000,0x000000002c9d0000)]
  0x000000001e0f2000 JavaThread "RMI Scheduler(0)" daemon [_thread_blocked, id=9548, stack(0x000000002c0d0000,0x000000002c1d0000)]
  0x000000001d6b8000 JavaThread "Cache worker for file content cache (C:\Users\Alexander\.gradle\caches\6.1.1\fileContent)" [_thread_blocked, id=1316, stack(0x0000000028040000,0x0000000028140000)]
  0x000000001fb87800 JavaThread "Daemon worker Thread 2" [_thread_blocked, id=3448, stack(0x000000001ea90000,0x000000001eb90000)]
  0x000000001fb87000 JavaThread "Daemon Thread 2" [_thread_blocked, id=12228, stack(0x0000000001410000,0x0000000001510000)]
  0x000000001fb93800 JavaThread "Memory manager" [_thread_blocked, id=14260, stack(0x0000000025fe0000,0x00000000260e0000)]
  0x000000001d6b6800 JavaThread "Cache worker for execution history cache (C:\Users\Alexander\.gradle\caches\6.1.1\executionHistory)" [_thread_blocked, id=4208, stack(0x0000000022290000,0x0000000022390000)]
  0x000000001d6b5000 JavaThread "Cache worker for file hash cache (C:\Users\Alexander\.gradle\caches\6.1.1\fileHashes)" [_thread_blocked, id=13824, stack(0x000000001f790000,0x000000001f890000)]
  0x000000001d6b5800 JavaThread "File lock request listener" [_thread_in_native, id=5664, stack(0x000000001f690000,0x000000001f790000)]
  0x000000001d55b000 JavaThread "Cache worker for journal cache (C:\Users\Alexander\.gradle\caches\journal-1)" [_thread_blocked, id=2272, stack(0x000000001f590000,0x000000001f690000)]
  0x000000001d530800 JavaThread "Daemon periodic checks" [_thread_blocked, id=7808, stack(0x000000001e990000,0x000000001ea90000)]
  0x000000001d4e3800 JavaThread "Incoming local TCP Connector on port 53547" [_thread_in_native, id=3984, stack(0x000000001e740000,0x000000001e840000)]
  0x000000001d3b6000 JavaThread "Daemon health stats" [_thread_blocked, id=9736, stack(0x000000001e100000,0x000000001e200000)]
  0x0000000019d9a800 JavaThread "Service Thread" daemon [_thread_blocked, id=496, stack(0x000000001b760000,0x000000001b860000)]
  0x0000000019d1f800 JavaThread "C1 CompilerThread3" daemon [_thread_in_native, id=8440, stack(0x000000001b660000,0x000000001b760000)]
  0x0000000019d07000 JavaThread "C2 CompilerThread2" daemon [_thread_in_native, id=8872, stack(0x000000001b560000,0x000000001b660000)]
  0x0000000019cff000 JavaThread "C2 CompilerThread1" daemon [_thread_in_native, id=8140, stack(0x000000001b460000,0x000000001b560000)]
=>0x000000001860c000 JavaThread "C2 CompilerThread0" daemon [_thread_in_native, id=15512, stack(0x000000001b360000,0x000000001b460000)]
  0x0000000019cf4800 JavaThread "Attach Listener" daemon [_thread_blocked, id=9372, stack(0x000000001b260000,0x000000001b360000)]
  0x0000000019cf7800 JavaThread "Signal Dispatcher" daemon [_thread_blocked, id=15804, stack(0x000000001b160000,0x000000001b260000)]
  0x00000000185fd000 JavaThread "Finalizer" daemon [_thread_blocked, id=2248, stack(0x000000001af50000,0x000000001b050000)]
  0x0000000019ce3000 JavaThread "Reference Handler" daemon [_thread_blocked, id=11504, stack(0x000000001ae50000,0x000000001af50000)]
  0x000000000315d800 JavaThread "main" [_thread_blocked, id=6868, stack(0x0000000003190000,0x0000000003290000)]

Other Threads:
  0x0000000019cc2800 VMThread [stack: 0x000000001ad50000,0x000000001ae50000] [id=580]
  0x0000000019d9d800 WatcherThread [stack: 0x000000001b860000,0x000000001b960000] [id=8568]

VM state:not at safepoint (normal execution)

VM Mutex/Monitor currently owned by a thread: None

OutOfMemory and StackOverflow Exception counts:
OutOfMemoryError java_heap_errors=4

heap address: 0x0000000080000000, size: 2048 MB, Compressed Oops mode: 32-bit
Narrow klass base: 0x0000000000000000, Narrow klass shift: 3
Compressed class space size: 1073741824 Address: 0x0000000100000000

Heap:
 PSYoungGen      total 583168K, used 223096K [0x00000000d5580000, 0x00000000ffb80000, 0x0000000100000000)
  eden space 479744K, 39% used [0x00000000d5580000,0x00000000e0dfbb58,0x00000000f2a00000)
  from space 103424K, 33% used [0x00000000f2a00000,0x00000000f4b624c8,0x00000000f8f00000)
  to   space 98304K, 0% used [0x00000000f9b80000,0x00000000f9b80000,0x00000000ffb80000)
 ParOldGen       total 419328K, used 83285K [0x0000000080000000, 0x0000000099980000, 0x00000000d5580000)
  object space 419328K, 19% used [0x0000000080000000,0x0000000085155630,0x0000000099980000)
 Metaspace       used 208049K, capacity 217342K, committed 217584K, reserved 1241088K
  class space    used 24990K, capacity 26572K, committed 26672K, reserved 1048576K

Card table byte_map: [0x0000000012750000,0x0000000012b60000] byte_map_base: 0x0000000012350000

Marking Bits: (ParMarkBitMap*) 0x000000007259f030
 Begin Bits: [0x0000000013810000, 0x0000000015810000)
 End Bits:   [0x0000000015810000, 0x0000000017810000)

Polling page: 0x0000000003070000

CodeCache: size=245760Kb used=93737Kb max_used=95568Kb free=152023Kb
 bounds [0x0000000003390000, 0x0000000009160000, 0x0000000012390000]
 total_blobs=28879 nmethods=27878 adapters=912
 compilation: enabled

Compilation events (10 events):
Event: 7754.530 Thread 0x0000000019d1f800 35775       2       com.android.builder.internal.packaging.IncrementalPackager::lambda$addFiles$9 (16 bytes)
Event: 7754.530 Thread 0x0000000019d1f800 nmethod 35775 0x0000000005aea510 code [0x0000000005aea680, 0x0000000005aea7e8]
Event: 7754.536 Thread 0x0000000019d1f800 35776   !   2       sun.nio.ch.IOUtil::write (142 bytes)
Event: 7754.536 Thread 0x0000000019d1f800 nmethod 35776 0x0000000006cd7e90 code [0x0000000006cd8040, 0x0000000006cd8398]
Event: 7754.542 Thread 0x0000000019d1f800 35777       2       java.util.Locale::getLanguage (8 bytes)
Event: 7754.542 Thread 0x0000000019d1f800 nmethod 35777 0x0000000006cd7b50 code [0x0000000006cd7ca0, 0x0000000006cd7df0]
Event: 7754.542 Thread 0x0000000019d1f800 35778       2       java.util.ResourceBundle$CacheKey::calculateHashCode (52 bytes)
Event: 7754.543 Thread 0x0000000019d1f800 nmethod 35778 0x00000000074598d0 code [0x0000000007459a60, 0x0000000007459cc8]
Event: 7754.700 Thread 0x0000000019d1f800 35780       2       java.nio.DirectByteBuffer::put (269 bytes)
Event: 7754.700 Thread 0x0000000019d1f800 nmethod 35780 0x0000000007458ed0 code [0x00000000074590a0, 0x0000000007459598]

GC Heap History (10 events):
Event: 7609.988 GC heap before
{Heap before GC invocations=34 (full 5):
 PSYoungGen      total 560128K, used 478094K [0x00000000d5580000, 0x00000000ff480000, 0x0000000100000000)
  eden space 448512K, 100% used [0x00000000d5580000,0x00000000f0b80000,0x00000000f0b80000)
  from space 111616K, 26% used [0x00000000f8780000,0x00000000fa4638d8,0x00000000ff480000)
  to   space 119296K, 0% used [0x00000000f0b80000,0x00000000f0b80000,0x00000000f8000000)
 ParOldGen       total 419328K, used 83245K [0x0000000080000000, 0x0000000099980000, 0x00000000d5580000)
  object space 419328K, 19% used [0x0000000080000000,0x000000008514b630,0x0000000099980000)
 Metaspace       used 186971K, capacity 193548K, committed 193648K, reserved 1218560K
  class space    used 22472K, capacity 23653K, committed 23728K, reserved 1048576K
Event: 7610.006 GC heap after
Heap after GC invocations=34 (full 5):
 PSYoungGen      total 567808K, used 27581K [0x00000000d5580000, 0x0000000100000000, 0x0000000100000000)
  eden space 448512K, 0% used [0x00000000d5580000,0x00000000d5580000,0x00000000f0b80000)
  from space 119296K, 23% used [0x00000000f0b80000,0x00000000f266f520,0x00000000f8000000)
  to   space 115712K, 0% used [0x00000000f8f00000,0x00000000f8f00000,0x0000000100000000)
 ParOldGen       total 419328K, used 83253K [0x0000000080000000, 0x0000000099980000, 0x00000000d5580000)
  object space 419328K, 19% used [0x0000000080000000,0x000000008514d630,0x0000000099980000)
 Metaspace       used 186971K, capacity 193548K, committed 193648K, reserved 1218560K
  class space    used 22472K, capacity 23653K, committed 23728K, reserved 1048576K
}
Event: 7648.122 GC heap before
{Heap before GC invocations=35 (full 5):
 PSYoungGen      total 567808K, used 476093K [0x00000000d5580000, 0x0000000100000000, 0x0000000100000000)
  eden space 448512K, 100% used [0x00000000d5580000,0x00000000f0b80000,0x00000000f0b80000)
  from space 119296K, 23% used [0x00000000f0b80000,0x00000000f266f520,0x00000000f8000000)
  to   space 115712K, 0% used [0x00000000f8f00000,0x00000000f8f00000,0x0000000100000000)
 ParOldGen       total 419328K, used 83253K [0x0000000080000000, 0x0000000099980000, 0x00000000d5580000)
  object space 419328K, 19% used [0x0000000080000000,0x000000008514d630,0x0000000099980000)
 Metaspace       used 195383K, capacity 202424K, committed 202608K, reserved 1226752K
  class space    used 23413K, capacity 24647K, committed 24752K, reserved 1048576K
Event: 7648.135 GC heap after
Heap after GC invocations=35 (full 5):
 PSYoungGen      total 568832K, used 25338K [0x00000000d5580000, 0x00000000ff580000, 0x0000000100000000)
  eden space 463872K, 0% used [0x00000000d5580000,0x00000000d5580000,0x00000000f1a80000)
  from space 104960K, 24% used [0x00000000f8f00000,0x00000000fa7beb78,0x00000000ff580000)
  to   space 112128K, 0% used [0x00000000f1a80000,0x00000000f1a80000,0x00000000f8800000)
 ParOldGen       total 419328K, used 83261K [0x0000000080000000, 0x0000000099980000, 0x00000000d5580000)
  object space 419328K, 19% used [0x0000000080000000,0x000000008514f630,0x0000000099980000)
 Metaspace       used 195383K, capacity 202424K, committed 202608K, reserved 1226752K
  class space    used 23413K, capacity 24647K, committed 24752K, reserved 1048576K
}
Event: 7684.916 GC heap before
{Heap before GC invocations=36 (full 5):
 PSYoungGen      total 568832K, used 489206K [0x00000000d5580000, 0x00000000ff580000, 0x0000000100000000)
  eden space 463872K, 99% used [0x00000000d5580000,0x00000000f1a7ee30,0x00000000f1a80000)
  from space 104960K, 24% used [0x00000000f8f00000,0x00000000fa7beb78,0x00000000ff580000)
  to   space 112128K, 0% used [0x00000000f1a80000,0x00000000f1a80000,0x00000000f8800000)
 ParOldGen       total 419328K, used 83261K [0x0000000080000000, 0x0000000099980000, 0x00000000d5580000)
  object space 419328K, 19% used [0x0000000080000000,0x000000008514f630,0x0000000099980000)
 Metaspace       used 203623K, capacity 210786K, committed 210928K, reserved 1234944K
  class space    used 24324K, capacity 25588K, committed 25648K, reserved 1048576K
Event: 7684.930 GC heap after
Heap after GC invocations=36 (full 5):
 PSYoungGen      total 576000K, used 32701K [0x00000000d5580000, 0x00000000ffd00000, 0x0000000100000000)
  eden space 463872K, 0% used [0x00000000d5580000,0x00000000d5580000,0x00000000f1a80000)
  from space 112128K, 29% used [0x00000000f1a80000,0x00000000f3a6f628,0x00000000f8800000)
  to   space 107008K, 0% used [0x00000000f9480000,0x00000000f9480000,0x00000000ffd00000)
 ParOldGen       total 419328K, used 83269K [0x0000000080000000, 0x0000000099980000, 0x00000000d5580000)
  object space 419328K, 19% used [0x0000000080000000,0x0000000085151630,0x0000000099980000)
 Metaspace       used 203623K, capacity 210786K, committed 210928K, reserved 1234944K
  class space    used 24324K, capacity 25588K, committed 25648K, reserved 1048576K
}
Event: 7740.903 GC heap before
{Heap before GC invocations=37 (full 5):
 PSYoungGen      total 576000K, used 496573K [0x00000000d5580000, 0x00000000ffd00000, 0x0000000100000000)
  eden space 463872K, 100% used [0x00000000d5580000,0x00000000f1a80000,0x00000000f1a80000)
  from space 112128K, 29% used [0x00000000f1a80000,0x00000000f3a6f628,0x00000000f8800000)
  to   space 107008K, 0% used [0x00000000f9480000,0x00000000f9480000,0x00000000ffd00000)
 ParOldGen       total 419328K, used 83269K [0x0000000080000000, 0x0000000099980000, 0x00000000d5580000)
  object space 419328K, 19% used [0x0000000080000000,0x0000000085151630,0x0000000099980000)
 Metaspace       used 204939K, capacity 213694K, committed 214000K, reserved 1236992K
  class space    used 24569K, capacity 26040K, committed 26160K, reserved 1048576K
Event: 7740.916 GC heap after
Heap after GC invocations=37 (full 5):
 PSYoungGen      total 577536K, used 26025K [0x00000000d5580000, 0x00000000ff400000, 0x0000000100000000)
  eden space 479744K, 0% used [0x00000000d5580000,0x00000000d5580000,0x00000000f2a00000)
  from space 97792K, 26% used [0x00000000f9480000,0x00000000fadea4f8,0x00000000ff400000)
  to   space 103424K, 0% used [0x00000000f2a00000,0x00000000f2a00000,0x00000000f8f00000)
 ParOldGen       total 419328K, used 83277K [0x0000000080000000, 0x0000000099980000, 0x00000000d5580000)
  object space 419328K, 19% used [0x0000000080000000,0x0000000085153630,0x0000000099980000)
 Metaspace       used 204939K, capacity 213694K, committed 214000K, reserved 1236992K
  class space    used 24569K, capacity 26040K, committed 26160K, reserved 1048576K
}
Event: 7753.595 GC heap before
{Heap before GC invocations=38 (full 5):
 PSYoungGen      total 577536K, used 505769K [0x00000000d5580000, 0x00000000ff400000, 0x0000000100000000)
  eden space 479744K, 100% used [0x00000000d5580000,0x00000000f2a00000,0x00000000f2a00000)
  from space 97792K, 26% used [0x00000000f9480000,0x00000000fadea4f8,0x00000000ff400000)
  to   space 103424K, 0% used [0x00000000f2a00000,0x00000000f2a00000,0x00000000f8f00000)
 ParOldGen       total 419328K, used 83277K [0x0000000080000000, 0x0000000099980000, 0x00000000d5580000)
  object space 419328K, 19% used [0x0000000080000000,0x0000000085153630,0x0000000099980000)
 Metaspace       used 207182K, capacity 216300K, committed 216432K, reserved 1239040K
  class space    used 24863K, capacity 26423K, committed 26544K, reserved 1048576K
Event: 7753.614 GC heap after
Heap after GC invocations=38 (full 5):
 PSYoungGen      total 583168K, used 34185K [0x00000000d5580000, 0x00000000ffb80000, 0x0000000100000000)
  eden space 479744K, 0% used [0x00000000d5580000,0x00000000d5580000,0x00000000f2a00000)
  from space 103424K, 33% used [0x00000000f2a00000,0x00000000f4b624c8,0x00000000f8f00000)
  to   space 98304K, 0% used [0x00000000f9b80000,0x00000000f9b80000,0x00000000ffb80000)
 ParOldGen       total 419328K, used 83285K [0x0000000080000000, 0x0000000099980000, 0x00000000d5580000)
  object space 419328K, 19% used [0x0000000080000000,0x0000000085155630,0x0000000099980000)
 Metaspace       used 207182K, capacity 216300K, committed 216432K, reserved 1239040K
  class space    used 24863K, capacity 26423K, committed 26544K, reserved 1048576K
}

Deoptimization events (10 events):
Event: 7754.468 Thread 0x0000000021014000 Uncommon trap: reason=bimorphic action=maybe_recompile pc=0x000000000594d1dc method=com.google.common.collect.ImmutableMap.copyOf(Ljava/util/Map;)Lcom/google/common/collect/ImmutableMap; @ 49
Event: 7754.468 Thread 0x0000000021014000 Uncommon trap: reason=bimorphic action=maybe_recompile pc=0x000000000594d1dc method=com.google.common.collect.ImmutableMap.copyOf(Ljava/util/Map;)Lcom/google/common/collect/ImmutableMap; @ 49
Event: 7754.468 Thread 0x0000000021014000 Uncommon trap: reason=bimorphic action=maybe_recompile pc=0x000000000594d1dc method=com.google.common.collect.ImmutableMap.copyOf(Ljava/util/Map;)Lcom/google/common/collect/ImmutableMap; @ 49
Event: 7754.505 Thread 0x0000000021014000 Uncommon trap: reason=unstable_if action=reinterpret pc=0x000000000713a0d8 method=sun.nio.ch.IOUtil.readIntoNativeBuffer(Ljava/io/FileDescriptor;Ljava/nio/ByteBuffer;JLsun/nio/ch/NativeDispatcher;)I @ 66
Event: 7754.506 Thread 0x0000000021014000 Uncommon trap: reason=unstable_if action=reinterpret pc=0x0000000006cfe268 method=sun.nio.ch.IOUtil.readIntoNativeBuffer(Ljava/io/FileDescriptor;Ljava/nio/ByteBuffer;JLsun/nio/ch/NativeDispatcher;)I @ 66
Event: 7754.516 Thread 0x0000000021014000 Uncommon trap: reason=unstable_if action=reinterpret pc=0x0000000006002a20 method=java.util.ComparableTimSort.countRunAndMakeAscending([Ljava/lang/Object;II)I @ 25
Event: 7754.535 Thread 0x0000000021014000 Uncommon trap: reason=speculate_class_check action=maybe_recompile pc=0x0000000005458bf0 method=sun.nio.ch.IOUtil.writeFromNativeBuffer(Ljava/io/FileDescriptor;Ljava/nio/ByteBuffer;JLsun/nio/ch/NativeDispatcher;)I @ 100
Event: 7754.536 Thread 0x0000000021014000 Uncommon trap: reason=speculate_class_check action=maybe_recompile pc=0x0000000005458bf0 method=sun.nio.ch.IOUtil.writeFromNativeBuffer(Ljava/io/FileDescriptor;Ljava/nio/ByteBuffer;JLsun/nio/ch/NativeDispatcher;)I @ 100
Event: 7754.536 Thread 0x0000000021014000 Uncommon trap: reason=speculate_class_check action=maybe_recompile pc=0x0000000005458bf0 method=sun.nio.ch.IOUtil.writeFromNativeBuffer(Ljava/io/FileDescriptor;Ljava/nio/ByteBuffer;JLsun/nio/ch/NativeDispatcher;)I @ 100
Event: 7754.536 Thread 0x0000000021014000 Uncommon trap: reason=speculate_class_check action=maybe_recompile pc=0x0000000005458bf0 method=sun.nio.ch.IOUtil.writeFromNativeBuffer(Ljava/io/FileDescriptor;Ljava/nio/ByteBuffer;JLsun/nio/ch/NativeDispatcher;)I @ 100

Classes redefined (0 events):
No events

Internal exceptions (10 events):
Event: 7753.518 Thread 0x000000001fb90000 Exception <a 'sun/nio/fs/WindowsException'> (0x00000000f256f2d8) thrown at [C:\src\AOSP-openjdk-git\hotspot\src\share\vm\prims\jni.cpp, line 710]
Event: 7753.519 Thread 0x000000001fb90000 Exception <a 'sun/nio/fs/WindowsException'> (0x00000000f2678640) thrown at [C:\src\AOSP-openjdk-git\hotspot\src\share\vm\prims\jni.cpp, line 710]
Event: 7753.520 Thread 0x000000001fb90000 Exception <a 'sun/nio/fs/WindowsException'> (0x00000000f2682fa8) thrown at [C:\src\AOSP-openjdk-git\hotspot\src\share\vm\prims\jni.cpp, line 710]
Event: 7753.521 Thread 0x000000001fb90000 Exception <a 'sun/nio/fs/WindowsException'> (0x00000000f268d8f8) thrown at [C:\src\AOSP-openjdk-git\hotspot\src\share\vm\prims\jni.cpp, line 710]
Event: 7753.522 Thread 0x000000001fb90000 Exception <a 'sun/nio/fs/WindowsException'> (0x00000000f27a23e8) thrown at [C:\src\AOSP-openjdk-git\hotspot\src\share\vm\prims\jni.cpp, line 710]
Event: 7754.255 Thread 0x0000000021015800 Exception <a 'sun/nio/fs/WindowsException'> (0x00000000dc948e00) thrown at [C:\src\AOSP-openjdk-git\hotspot\src\share\vm\prims\jni.cpp, line 710]
Event: 7754.395 Thread 0x000000001d6ba000 Exception <a 'sun/nio/fs/WindowsException'> (0x00000000df0ccca8) thrown at [C:\src\AOSP-openjdk-git\hotspot\src\share\vm\prims\jni.cpp, line 710]
Event: 7754.430 Thread 0x0000000021026000 Exception <a 'java/lang/NoSuchMethodError': <clinit>> (0x00000000df2e9dc8) thrown at [C:\src\AOSP-openjdk-git\hotspot\src\share\vm\prims\jni.cpp, line 1615]
Event: 7754.430 Thread 0x0000000021026000 Exception <a 'java/lang/NoSuchMethodError': <clinit>> (0x00000000df2ee650) thrown at [C:\src\AOSP-openjdk-git\hotspot\src\share\vm\prims\jni.cpp, line 1615]
Event: 7754.520 Thread 0x0000000021014000 Exception <a 'java/lang/NoSuchMethodError': java.lang.Object.lambda$static$0(Lcom/android/apksig/util/RunnablesProvider;)V> (0x00000000df714198) thrown at [C:\src\AOSP-openjdk-git\hotspot\src\share\vm\interpreter\linkResolver.cpp, line 620]

Events (10 events):
Event: 7754.719 loading class com/android/apksig/internal/apk/SignatureAlgorithm
Event: 7754.719 loading class com/android/apksig/internal/apk/SignatureAlgorithm done
Event: 7754.720 loading class com/android/apksig/internal/apk/ContentDigestAlgorithm
Event: 7754.720 loading class com/android/apksig/internal/apk/ContentDigestAlgorithm done
Event: 7754.720 loading class java/security/spec/PSSParameterSpec
Event: 7754.720 loading class java/security/spec/PSSParameterSpec done
Event: 7754.720 loading class java/security/spec/MGF1ParameterSpec
Event: 7754.720 loading class java/security/spec/MGF1ParameterSpec done
Event: 7754.721 loading class com/android/apksig/internal/apk/ContentDigestAlgorithm
Event: 7754.721 loading class com/android/apksig/internal/apk/ContentDigestAlgorithm done


Dynamic libraries:
0x00007ff685950000 - 0x00007ff685981000 	E:\Android\Android Studio\jre\bin\java.exe
0x00007ffc53c50000 - 0x00007ffc53e46000 	C:\Windows\SYSTEM32\ntdll.dll
0x00007ffc52e30000 - 0x00007ffc52eed000 	C:\Windows\System32\KERNEL32.DLL
0x00007ffc51940000 - 0x00007ffc51c08000 	C:\Windows\System32\KERNELBASE.dll
0x00007ffc52d60000 - 0x00007ffc52e0a000 	C:\Windows\System32\ADVAPI32.dll
0x00007ffc51cc0000 - 0x00007ffc51d5e000 	C:\Windows\System32\msvcrt.dll
0x00007ffc52910000 - 0x00007ffc529ab000 	C:\Windows\System32\sechost.dll
0x00007ffc526a0000 - 0x00007ffc527c4000 	C:\Windows\System32\RPCRT4.dll
0x00007ffc52500000 - 0x00007ffc526a0000 	C:\Windows\System32\USER32.dll
0x00007ffc51c10000 - 0x00007ffc51c32000 	C:\Windows\System32\win32u.dll
0x00007ffc52c10000 - 0x00007ffc52c3a000 	C:\Windows\System32\GDI32.dll
0x00007ffc515e0000 - 0x00007ffc516e9000 	C:\Windows\System32\gdi32full.dll
0x00007ffc517f0000 - 0x00007ffc5188d000 	C:\Windows\System32\msvcp_win.dll
0x00007ffc516f0000 - 0x00007ffc517f0000 	C:\Windows\System32\ucrtbase.dll
0x00007ffc37790000 - 0x00007ffc37a2b000 	C:\Windows\WinSxS\amd64_microsoft.windows.common-controls_6595b64144ccf1df_6.0.19041.488_none_ca04af081b815d21\COMCTL32.dll
0x00007ffc52a80000 - 0x00007ffc52ab0000 	C:\Windows\System32\IMM32.DLL
0x0000000071c10000 - 0x0000000071ce2000 	E:\Android\Android Studio\jre\jre\bin\msvcr100.dll
0x0000000071dd0000 - 0x000000007261b000 	E:\Android\Android Studio\jre\jre\bin\server\jvm.dll
0x00007ffc52ac0000 - 0x00007ffc52ac8000 	C:\Windows\System32\PSAPI.DLL
0x00007ffc46590000 - 0x00007ffc465b7000 	C:\Windows\SYSTEM32\WINMM.dll
0x00007ffc4dd70000 - 0x00007ffc4dd7a000 	C:\Windows\SYSTEM32\VERSION.dll
0x00007ffc42b70000 - 0x00007ffc42b79000 	C:\Windows\SYSTEM32\WSOCK32.dll
0x00007ffc52c40000 - 0x00007ffc52cab000 	C:\Windows\System32\WS2_32.dll
0x00007ffc3fbc0000 - 0x00007ffc3fbcf000 	E:\Android\Android Studio\jre\jre\bin\verify.dll
0x00007ffc3d9e0000 - 0x00007ffc3da09000 	E:\Android\Android Studio\jre\jre\bin\java.dll
0x00007ffc3dc20000 - 0x00007ffc3dc36000 	E:\Android\Android Studio\jre\jre\bin\zip.dll
0x00007ffc53090000 - 0x00007ffc537d0000 	C:\Windows\System32\SHELL32.dll
0x00007ffc4f510000 - 0x00007ffc4fca4000 	C:\Windows\SYSTEM32\windows.storage.dll
0x00007ffc538b0000 - 0x00007ffc53c05000 	C:\Windows\System32\combase.dll
0x00007ffc50e10000 - 0x00007ffc50e3c000 	C:\Windows\SYSTEM32\Wldp.dll
0x00007ffc52cb0000 - 0x00007ffc52d5e000 	C:\Windows\System32\SHCORE.dll
0x00007ffc52ad0000 - 0x00007ffc52b25000 	C:\Windows\System32\shlwapi.dll
0x00007ffc512d0000 - 0x00007ffc512f6000 	C:\Windows\SYSTEM32\profapi.dll
0x00007ffc3d9a0000 - 0x00007ffc3d9ba000 	E:\Android\Android Studio\jre\jre\bin\net.dll
0x00007ffc50b90000 - 0x00007ffc50bfa000 	C:\Windows\system32\mswsock.dll
0x00007ffc3d8a0000 - 0x00007ffc3d8b3000 	E:\Android\Android Studio\jre\jre\bin\nio.dll
0x00007ffc42080000 - 0x00007ffc420a6000 	C:\Users\Alexander\.gradle\native\31\windows-amd64\native-platform.dll
0x00007ffc3fb70000 - 0x00007ffc3fb7d000 	E:\Android\Android Studio\jre\jre\bin\management.dll
0x00007ffc50d70000 - 0x00007ffc50d88000 	C:\Windows\SYSTEM32\CRYPTSP.dll
0x00007ffc504b0000 - 0x00007ffc504e4000 	C:\Windows\system32\rsaenh.dll
0x00007ffc513a0000 - 0x00007ffc513c7000 	C:\Windows\System32\bcrypt.dll
0x00007ffc51290000 - 0x00007ffc512be000 	C:\Windows\SYSTEM32\USERENV.dll
0x00007ffc51c40000 - 0x00007ffc51cbf000 	C:\Windows\System32\bcryptprimitives.dll
0x00007ffc50d60000 - 0x00007ffc50d6c000 	C:\Windows\SYSTEM32\CRYPTBASE.dll
0x00007ffc50830000 - 0x00007ffc5086b000 	C:\Windows\SYSTEM32\IPHLPAPI.DLL
0x00007ffc52ef0000 - 0x00007ffc52ef9000 	C:\Windows\System32\NSI.dll
0x00007ffc4b220000 - 0x00007ffc4b237000 	C:\Windows\SYSTEM32\dhcpcsvc6.DLL
0x00007ffc4b0b0000 - 0x00007ffc4b0cd000 	C:\Windows\SYSTEM32\dhcpcsvc.DLL
0x00007ffc50870000 - 0x00007ffc5093b000 	C:\Windows\SYSTEM32\DNSAPI.dll
0x00007ffc3ac20000 - 0x00007ffc3ac44000 	E:\Android\Android Studio\jre\jre\bin\sunec.dll
0x00007ffc49ba0000 - 0x00007ffc49baa000 	C:\Windows\System32\rasadhlp.dll
0x00007ffc44780000 - 0x00007ffc447ff000 	C:\Windows\System32\fwpuclnt.dll
0x00007ffc3f910000 - 0x00007ffc3f91b000 	E:\Android\Android Studio\jre\jre\bin\sunmscapi.dll
0x00007ffc51430000 - 0x00007ffc5158d000 	C:\Windows\System32\CRYPT32.dll
0x00007ffc500e0000 - 0x00007ffc50113000 	C:\Windows\SYSTEM32\ntmarta.dll
0x00007ffc3cb90000 - 0x00007ffc3cbae000 	C:\Users\Alexander\AppData\Local\Temp\native-platform9122707719485562168dir\native-platform.dll
0x0000000066e00000 - 0x0000000066f03000 	C:\Users\Alexander\AppData\Local\Temp\sqlite-3.25.2-3bd9c255-b0ef-48ef-97ae-39fc19c71193-sqlitejdbc.dll
0x000000002d9d0000 - 0x000000002dad3000 	C:\Users\Alexander\AppData\Local\Temp\sqlite-3.25.2-4e3a7fec-b254-4278-b9b2-fc68cc4f390c-sqlitejdbc.dll
0x0000000030d00000 - 0x0000000030e03000 	C:\Users\Alexander\AppData\Local\Temp\sqlite-3.25.2-017d5b3a-54e9-4ba1-ba86-8efc6068a175-sqlitejdbc.dll
0x0000000031ad0000 - 0x0000000031bd3000 	C:\Users\Alexander\AppData\Local\Temp\sqlite-3.25.2-23b9eb79-c5c0-42c2-a3df-0771b7fc5609-sqlitejdbc.dll
0x00000000321e0000 - 0x00000000322e3000 	C:\Users\Alexander\AppData\Local\Temp\sqlite-3.25.2-125d470d-bf0e-42a7-9d9a-e0b6201215e5-sqlitejdbc.dll
0x0000000033550000 - 0x0000000033653000 	C:\Users\Alexander\AppData\Local\Temp\sqlite-3.25.2-79dbc3a7-90fa-4a51-8040-1badfebbd3d5-sqlitejdbc.dll
0x0000000034260000 - 0x0000000034363000 	C:\Users\Alexander\AppData\Local\Temp\sqlite-3.25.2-ebf2fffd-d0cb-4660-b70f-6fa2bb93fedc-sqlitejdbc.dll
0x0000000034970000 - 0x0000000034a73000 	C:\Users\Alexander\AppData\Local\Temp\sqlite-3.25.2-2783eab0-cd3c-4a86-a88d-cfa475e0b80c-sqlitejdbc.dll
0x0000000035580000 - 0x0000000035683000 	C:\Users\Alexander\AppData\Local\Temp\sqlite-3.25.2-bac6c4df-9f2b-44fe-8996-3b03cd3cc6f1-sqlitejdbc.dll
0x0000000035e90000 - 0x0000000035f93000 	C:\Users\Alexander\AppData\Local\Temp\sqlite-3.25.2-d8e2a6de-7058-4b54-8941-214f301b3b10-sqlitejdbc.dll
0x0000000036aa0000 - 0x0000000036ba3000 	C:\Users\Alexander\AppData\Local\Temp\sqlite-3.25.2-12fe4ab1-fd4f-4357-a6e0-98ea9a01cc8a-sqlitejdbc.dll

VM Arguments:
jvm_args: -Xmx2048m -Dfile.encoding=windows-1251 -Duser.country=RU -Duser.language=ru -Duser.variant 
java_command: org.gradle.launcher.daemon.bootstrap.GradleDaemon 6.1.1
java_class_path (initial): C:\Users\Alexander\.gradle\wrapper\dists\gradle-6.1.1-all\cfmwm155h49vnt3hynmlrsdst\gradle-6.1.1\lib\gradle-launcher-6.1.1.jar
Launcher Type: SUN_STANDARD

Environment Variables:
PATH=C:\Windows\system32;C:\Windows;C:\Windows\System32\Wbem;C:\Windows\System32\WindowsPowerShell\v1.0\;C:\Windows\System32\OpenSSH\;C:\Program Files\Git\cmd;C:\Program Files\Git\mingw64\bin;C:\Program Files\Git\usr\bin;C:\Program Files\dotnet\;C:\Program Files\MySQL\MySQL Shell 8.0\bin\
USERNAME=Alexander
OS=Windows_NT
PROCESSOR_IDENTIFIER=AMD64 Family 23 Model 8 Stepping 2, AuthenticAMD



---------------  S Y S T E M  ---------------

OS: Windows 10.0 , 64 bit Build 19041 (10.0.19041.546)

CPU:total 12 (initial active 12) (12 cores per cpu, 1 threads per core) family 23 model 8 stepping 2, cmov, cx8, fxsr, mmx, sse, sse2, sse3, ssse3, sse4.1, sse4.2, popcnt, avx, avx2, aes, clmul, mmxext, 3dnowpref, lzcnt, sse4a, tsc, tscinvbit, tscinv, bmi1

Memory: 4k page, physical 16707276k(2689428k free), swap 26172872k(5220k free)

vm_info: OpenJDK 64-Bit Server VM (25.242-b01) for windows-amd64 JRE (1.8.0_242-release-1644-b01), built by "builder" with MS VC++ 10.0 (VS2010)

time: Sat Nov 14 19:45:39 2020
timezone: Томск (зима)
elapsed time: 7754 seconds (0d 2h 9m 14s)

